# JRE version: OpenJDK Runtime Environment Microsoft-8035250 (11.0.20+8) (build 11.0.20+8-LTS)
# Java VM: OpenJDK 64-Bit Server VM Microsoft-8035250 (11.0.20+8-LTS, mixed mode, tiered, compressed oops, g1 gc, windows-amd64)
Heap:
 garbage-first heap   total 260096K, used 59385K [0x0000000080000000, 0x0000000100000000)
  region size 1024K, 43 young (44032K), 6 survivors (6144K)
 Metaspace       used 39308K, capacity 40280K, committed 40656K, reserved 557056K
  class space    used 5004K, capacity 5383K, committed 5504K, reserved 516096K
GC Heap History (8 events):
Event: 0.735 GC heap before
{Heap before GC invocations=0 (full 0):
 garbage-first heap   total 260096K, used 27648K [0x0000000080000000, 0x0000000100000000)
  region size 1024K, 24 young (24576K), 0 survivors (0K)
 Metaspace       used 9813K, capacity 10016K, committed 10112K, reserved 526336K
  class space    used 994K, capacity 1069K, committed 1152K, reserved 516096K
}
Event: 0.739 GC heap after
{Heap after GC invocations=1 (full 0):
 garbage-first heap   total 260096K, used 10451K [0x0000000080000000, 0x0000000100000000)
  region size 1024K, 3 young (3072K), 3 survivors (3072K)
 Metaspace       used 9813K, capacity 10016K, committed 10112K, reserved 526336K
  class space    used 994K, capacity 1069K, committed 1152K, reserved 516096K
}
Event: 2.328 GC heap before
{Heap before GC invocations=1 (full 0):
 garbage-first heap   total 260096K, used 103635K [0x0000000080000000, 0x0000000100000000)
  region size 1024K, 94 young (96256K), 3 survivors (3072K)
 Metaspace       used 20772K, capacity 21157K, committed 21296K, reserved 536576K
  class space    used 2463K, capacity 2640K, committed 2688K, reserved 516096K
}
Event: 2.336 GC heap after
{Heap after GC invocations=2 (full 0):
 garbage-first heap   total 260096K, used 18221K [0x0000000080000000, 0x0000000100000000)
  region size 1024K, 11 young (11264K), 11 survivors (11264K)
 Metaspace       used 20772K, capacity 21157K, committed 21296K, reserved 536576K
  class space    used 2463K, capacity 2640K, committed 2688K, reserved 516096K
}
Event: 2.774 GC heap before
{Heap before GC invocations=3 (full 0):
 garbage-first heap   total 260096K, used 76589K [0x0000000080000000, 0x0000000100000000)
  region size 1024K, 68 young (69632K), 11 survivors (11264K)
 Metaspace       used 26177K, capacity 26755K, committed 26800K, reserved 540672K
  class space    used 3324K, capacity 3553K, committed 3584K, reserved 516096K
}
Event: 2.781 GC heap after
{Heap after GC invocations=4 (full 0):
 garbage-first heap   total 260096K, used 20543K [0x0000000080000000, 0x0000000100000000)
  region size 1024K, 3 young (3072K), 3 survivors (3072K)
 Metaspace       used 26177K, capacity 26755K, committed 26800K, reserved 540672K
  class space    used 3324K, capacity 3553K, committed 3584K, reserved 516096K
}
Event: 3.874 GC heap before
{Heap before GC invocations=4 (full 0):
 garbage-first heap   total 260096K, used 93247K [0x0000000080000000, 0x0000000100000000)
  region size 1024K, 75 young (76800K), 3 survivors (3072K)
 Metaspace       used 34983K, capacity 35778K, committed 35920K, reserved 548864K
  class space    used 4464K, capacity 4780K, committed 4864K, reserved 516096K
}
Event: 3.886 GC heap after
{Heap after GC invocations=5 (full 0):
 garbage-first heap   total 260096K, used 23545K [0x0000000080000000, 0x0000000100000000)
  region size 1024K, 6 young (6144K), 6 survivors (6144K)
 Metaspace       used 34983K, capacity 35778K, committed 35920K, reserved 548864K
  class space    used 4464K, capacity 4780K, committed 4864K, reserved 516096K
}

